<?xml version="1.0" encoding="UTF-8"?>
<!-- Generated by org.testng.reporters.JUnitReportReporter -->
<testsuite hostname="360NDCPC058" name="com.scripts.SampleTest" tests="271" failures="9" timestamp="2 May 2018 21:04:08 GMT" time="31695.922" errors="0">
  <testcase name="testPrices" time="134.456" classname="com.scripts.SampleTest"/>
  <testcase name="testPrices" time="125.870" classname="com.scripts.SampleTest"/>
  <testcase name="testPrices" time="105.380" classname="com.scripts.SampleTest"/>
  <testcase name="testPrices" time="116.076" classname="com.scripts.SampleTest"/>
  <testcase name="testPrices" time="109.330" classname="com.scripts.SampleTest"/>
  <testcase name="testPrices" time="107.926" classname="com.scripts.SampleTest"/>
  <testcase name="testPrices" time="118.110" classname="com.scripts.SampleTest"/>
  <testcase name="testPrices" time="129.305" classname="com.scripts.SampleTest"/>
  <testcase name="testPrices" time="128.463" classname="com.scripts.SampleTest"/>
  <testcase name="testPrices" time="133.904" classname="com.scripts.SampleTest"/>
  <testcase name="testPrices" time="124.045" classname="com.scripts.SampleTest"/>
  <testcase name="testPrices" time="106.964" classname="com.scripts.SampleTest"/>
  <testcase name="testPrices" time="102.428" classname="com.scripts.SampleTest"/>
  <testcase name="testPrices" time="117.416" classname="com.scripts.SampleTest"/>
  <testcase name="testPrices" time="118.457" classname="com.scripts.SampleTest"/>
  <testcase name="testPrices" time="101.237" classname="com.scripts.SampleTest"/>
  <testcase name="testPrices" time="111.194" classname="com.scripts.SampleTest"/>
  <testcase name="testPrices" time="129.407" classname="com.scripts.SampleTest"/>
  <testcase name="testPrices" time="119.934" classname="com.scripts.SampleTest"/>
  <testcase name="testPrices" time="113.812" classname="com.scripts.SampleTest"/>
  <testcase name="testPrices" time="143.333" classname="com.scripts.SampleTest"/>
  <testcase name="testPrices" time="114.868" classname="com.scripts.SampleTest"/>
  <testcase name="testPrices" time="117.364" classname="com.scripts.SampleTest"/>
  <testcase name="testPrices" time="130.435" classname="com.scripts.SampleTest"/>
  <testcase name="testPrices" time="100.786" classname="com.scripts.SampleTest"/>
  <testcase name="testPrices" time="107.004" classname="com.scripts.SampleTest"/>
  <testcase name="testPrices" time="128.728" classname="com.scripts.SampleTest"/>
  <testcase name="testPrices" time="115.384" classname="com.scripts.SampleTest"/>
  <testcase name="testPrices" time="119.623" classname="com.scripts.SampleTest"/>
  <testcase name="testPrices" time="129.561" classname="com.scripts.SampleTest"/>
  <testcase name="testPrices" time="129.424" classname="com.scripts.SampleTest"/>
  <testcase name="testPrices" time="107.800" classname="com.scripts.SampleTest"/>
  <testcase name="testPrices" time="129.777" classname="com.scripts.SampleTest"/>
  <testcase name="testPrices" time="135.991" classname="com.scripts.SampleTest"/>
  <testcase name="testPrices" time="112.054" classname="com.scripts.SampleTest"/>
  <testcase name="testPrices" time="139.352" classname="com.scripts.SampleTest"/>
  <testcase name="testPrices" time="108.303" classname="com.scripts.SampleTest"/>
  <testcase name="testPrices" time="123.541" classname="com.scripts.SampleTest"/>
  <testcase name="testPrices" time="108.287" classname="com.scripts.SampleTest"/>
  <testcase name="testPrices" time="98.577" classname="com.scripts.SampleTest"/>
  <testcase name="testPrices" time="120.808" classname="com.scripts.SampleTest"/>
  <testcase name="testPrices" time="130.933" classname="com.scripts.SampleTest"/>
  <testcase name="testPrices" time="116.376" classname="com.scripts.SampleTest"/>
  <testcase name="testPrices" time="124.808" classname="com.scripts.SampleTest"/>
  <testcase name="testPrices" time="133.193" classname="com.scripts.SampleTest"/>
  <testcase name="testPrices" time="145.953" classname="com.scripts.SampleTest"/>
  <testcase name="testPrices" time="132.517" classname="com.scripts.SampleTest"/>
  <testcase name="testPrices" time="129.752" classname="com.scripts.SampleTest"/>
  <testcase name="testPrices" time="113.811" classname="com.scripts.SampleTest"/>
  <testcase name="testPrices" time="127.763" classname="com.scripts.SampleTest"/>
  <testcase name="testPrices" time="118.052" classname="com.scripts.SampleTest"/>
  <testcase name="testPrices" time="111.090" classname="com.scripts.SampleTest"/>
  <testcase name="testPrices" time="106.485" classname="com.scripts.SampleTest"/>
  <testcase name="testPrices" time="136.168" classname="com.scripts.SampleTest"/>
  <testcase name="testPrices" time="128.876" classname="com.scripts.SampleTest"/>
  <testcase name="testPrices" time="114.331" classname="com.scripts.SampleTest"/>
  <testcase name="testPrices" time="108.402" classname="com.scripts.SampleTest"/>
  <testcase name="testPrices" time="117.499" classname="com.scripts.SampleTest"/>
  <testcase name="testPrices" time="116.359" classname="com.scripts.SampleTest"/>
  <testcase name="testPrices" time="103.935" classname="com.scripts.SampleTest"/>
  <testcase name="testPrices" time="111.026" classname="com.scripts.SampleTest"/>
  <testcase name="testPrices" time="144.690" classname="com.scripts.SampleTest"/>
  <testcase name="testPrices" time="140.242" classname="com.scripts.SampleTest"/>
  <testcase name="testPrices" time="104.497" classname="com.scripts.SampleTest"/>
  <testcase name="testPrices" time="148.112" classname="com.scripts.SampleTest"/>
  <testcase name="testPrices" time="119.769" classname="com.scripts.SampleTest"/>
  <testcase name="testPrices" time="107.070" classname="com.scripts.SampleTest"/>
  <testcase name="testPrices" time="109.734" classname="com.scripts.SampleTest"/>
  <testcase name="testPrices" time="146.238" classname="com.scripts.SampleTest"/>
  <testcase name="testPrices" time="117.313" classname="com.scripts.SampleTest"/>
  <testcase name="testPrices" time="122.614" classname="com.scripts.SampleTest"/>
  <testcase name="testPrices" time="122.161" classname="com.scripts.SampleTest"/>
  <testcase name="testPrices" time="144.829" classname="com.scripts.SampleTest"/>
  <testcase name="testPrices" time="163.951" classname="com.scripts.SampleTest"/>
  <testcase name="testPrices" time="110.646" classname="com.scripts.SampleTest"/>
  <testcase name="testPrices" time="125.095" classname="com.scripts.SampleTest"/>
  <testcase name="testPrices" time="108.599" classname="com.scripts.SampleTest"/>
  <testcase name="testPrices" time="3.609" classname="com.scripts.SampleTest">
    <failure type="java.lang.NullPointerException">
      <![CDATA[java.lang.NullPointerException
	at com.scripts.SampleTest.testPrices(SampleTest.java:102)
	at sun.reflect.GeneratedMethodAccessor15.invoke(Unknown Source)
	at sun.reflect.DelegatingMethodAccessorImpl.invoke(Unknown Source)
	at java.lang.reflect.Method.invoke(Unknown Source)
	at org.testng.internal.MethodInvocationHelper.invokeMethod(MethodInvocationHelper.java:80)
	at org.testng.internal.Invoker.invokeMethod(Invoker.java:714)
	at org.testng.internal.Invoker.invokeTestMethod(Invoker.java:901)
	at org.testng.internal.Invoker.invokeTestMethods(Invoker.java:1231)
	at org.testng.internal.TestMethodWorker.invokeTestMethods(TestMethodWorker.java:127)
	at org.testng.internal.TestMethodWorker.run(TestMethodWorker.java:111)
	at org.testng.TestRunner.privateRun(TestRunner.java:767)
	at org.testng.TestRunner.run(TestRunner.java:617)
	at org.testng.SuiteRunner.runTest(SuiteRunner.java:334)
	at org.testng.SuiteRunner.runSequentially(SuiteRunner.java:329)
	at org.testng.SuiteRunner.privateRun(SuiteRunner.java:291)
	at org.testng.SuiteRunner.run(SuiteRunner.java:240)
	at org.testng.SuiteRunnerWorker.runSuite(SuiteRunnerWorker.java:52)
	at org.testng.SuiteRunnerWorker.run(SuiteRunnerWorker.java:86)
	at org.testng.TestNG.runSuitesSequentially(TestNG.java:1198)
	at org.testng.TestNG.runSuitesLocally(TestNG.java:1123)
	at org.testng.TestNG.run(TestNG.java:1031)
	at org.testng.remote.AbstractRemoteTestNG.run(AbstractRemoteTestNG.java:114)
	at org.testng.remote.RemoteTestNG.initAndRun(RemoteTestNG.java:251)
	at org.testng.remote.RemoteTestNG.main(RemoteTestNG.java:77)
]]>
    </failure>
  </testcase> <!-- testPrices -->
  <testcase name="testPrices" time="119.704" classname="com.scripts.SampleTest"/>
  <testcase name="testPrices" time="127.498" classname="com.scripts.SampleTest"/>
  <testcase name="testPrices" time="153.033" classname="com.scripts.SampleTest"/>
  <testcase name="testPrices" time="117.314" classname="com.scripts.SampleTest"/>
  <testcase name="testPrices" time="133.244" classname="com.scripts.SampleTest"/>
  <testcase name="testPrices" time="119.224" classname="com.scripts.SampleTest"/>
  <testcase name="testPrices" time="148.283" classname="com.scripts.SampleTest"/>
  <testcase name="testPrices" time="126.391" classname="com.scripts.SampleTest"/>
  <testcase name="testPrices" time="117.373" classname="com.scripts.SampleTest"/>
  <testcase name="testPrices" time="124.811" classname="com.scripts.SampleTest"/>
  <testcase name="testPrices" time="124.504" classname="com.scripts.SampleTest"/>
  <testcase name="testPrices" time="135.956" classname="com.scripts.SampleTest"/>
  <testcase name="testPrices" time="112.510" classname="com.scripts.SampleTest"/>
  <testcase name="testPrices" time="117.789" classname="com.scripts.SampleTest"/>
  <testcase name="testPrices" time="110.299" classname="com.scripts.SampleTest"/>
  <testcase name="testPrices" time="131.907" classname="com.scripts.SampleTest"/>
  <testcase name="testPrices" time="121.303" classname="com.scripts.SampleTest"/>
  <testcase name="testPrices" time="114.801" classname="com.scripts.SampleTest"/>
  <testcase name="testPrices" time="112.742" classname="com.scripts.SampleTest"/>
  <testcase name="testPrices" time="102.222" classname="com.scripts.SampleTest"/>
  <testcase name="testPrices" time="130.545" classname="com.scripts.SampleTest"/>
  <testcase name="testPrices" time="112.041" classname="com.scripts.SampleTest"/>
  <testcase name="testPrices" time="115.282" classname="com.scripts.SampleTest"/>
  <testcase name="testPrices" time="114.559" classname="com.scripts.SampleTest"/>
  <testcase name="testPrices" time="108.860" classname="com.scripts.SampleTest"/>
  <testcase name="testPrices" time="124.487" classname="com.scripts.SampleTest"/>
  <testcase name="testPrices" time="127.303" classname="com.scripts.SampleTest"/>
  <testcase name="testPrices" time="97.625" classname="com.scripts.SampleTest"/>
  <testcase name="testPrices" time="116.711" classname="com.scripts.SampleTest"/>
  <testcase name="testPrices" time="112.450" classname="com.scripts.SampleTest"/>
  <testcase name="testPrices" time="119.034" classname="com.scripts.SampleTest"/>
  <testcase name="testPrices" time="103.433" classname="com.scripts.SampleTest"/>
  <testcase name="testPrices" time="138.997" classname="com.scripts.SampleTest"/>
  <testcase name="testPrices" time="135.071" classname="com.scripts.SampleTest"/>
  <testcase name="testPrices" time="109.944" classname="com.scripts.SampleTest"/>
  <testcase name="testPrices" time="119.963" classname="com.scripts.SampleTest"/>
  <testcase name="testPrices" time="118.851" classname="com.scripts.SampleTest"/>
  <testcase name="testPrices" time="127.220" classname="com.scripts.SampleTest"/>
  <testcase name="testPrices" time="2.168" classname="com.scripts.SampleTest">
    <failure type="java.lang.NullPointerException">
      <![CDATA[java.lang.NullPointerException
	at com.scripts.SampleTest.testPrices(SampleTest.java:102)
	at sun.reflect.GeneratedMethodAccessor15.invoke(Unknown Source)
	at sun.reflect.DelegatingMethodAccessorImpl.invoke(Unknown Source)
	at java.lang.reflect.Method.invoke(Unknown Source)
	at org.testng.internal.MethodInvocationHelper.invokeMethod(MethodInvocationHelper.java:80)
	at org.testng.internal.Invoker.invokeMethod(Invoker.java:714)
	at org.testng.internal.Invoker.invokeTestMethod(Invoker.java:901)
	at org.testng.internal.Invoker.invokeTestMethods(Invoker.java:1231)
	at org.testng.internal.TestMethodWorker.invokeTestMethods(TestMethodWorker.java:127)
	at org.testng.internal.TestMethodWorker.run(TestMethodWorker.java:111)
	at org.testng.TestRunner.privateRun(TestRunner.java:767)
	at org.testng.TestRunner.run(TestRunner.java:617)
	at org.testng.SuiteRunner.runTest(SuiteRunner.java:334)
	at org.testng.SuiteRunner.runSequentially(SuiteRunner.java:329)
	at org.testng.SuiteRunner.privateRun(SuiteRunner.java:291)
	at org.testng.SuiteRunner.run(SuiteRunner.java:240)
	at org.testng.SuiteRunnerWorker.runSuite(SuiteRunnerWorker.java:52)
	at org.testng.SuiteRunnerWorker.run(SuiteRunnerWorker.java:86)
	at org.testng.TestNG.runSuitesSequentially(TestNG.java:1198)
	at org.testng.TestNG.runSuitesLocally(TestNG.java:1123)
	at org.testng.TestNG.run(TestNG.java:1031)
	at org.testng.remote.AbstractRemoteTestNG.run(AbstractRemoteTestNG.java:114)
	at org.testng.remote.RemoteTestNG.initAndRun(RemoteTestNG.java:251)
	at org.testng.remote.RemoteTestNG.main(RemoteTestNG.java:77)
]]>
    </failure>
  </testcase> <!-- testPrices -->
  <testcase name="testPrices" time="119.343" classname="com.scripts.SampleTest"/>
  <testcase name="testPrices" time="104.899" classname="com.scripts.SampleTest"/>
  <testcase name="testPrices" time="115.992" classname="com.scripts.SampleTest"/>
  <testcase name="testPrices" time="101.631" classname="com.scripts.SampleTest"/>
  <testcase name="testPrices" time="97.097" classname="com.scripts.SampleTest"/>
  <testcase name="testPrices" time="115.131" classname="com.scripts.SampleTest"/>
  <testcase name="testPrices" time="126.157" classname="com.scripts.SampleTest"/>
  <testcase name="testPrices" time="130.082" classname="com.scripts.SampleTest"/>
  <testcase name="testPrices" time="131.804" classname="com.scripts.SampleTest"/>
  <testcase name="testPrices" time="140.042" classname="com.scripts.SampleTest"/>
  <testcase name="testPrices" time="110.264" classname="com.scripts.SampleTest"/>
  <testcase name="testPrices" time="142.255" classname="com.scripts.SampleTest"/>
  <testcase name="testPrices" time="101.857" classname="com.scripts.SampleTest"/>
  <testcase name="testPrices" time="3.519" classname="com.scripts.SampleTest">
    <failure type="java.lang.NullPointerException">
      <![CDATA[java.lang.NullPointerException
	at com.scripts.SampleTest.testPrices(SampleTest.java:102)
	at sun.reflect.GeneratedMethodAccessor15.invoke(Unknown Source)
	at sun.reflect.DelegatingMethodAccessorImpl.invoke(Unknown Source)
	at java.lang.reflect.Method.invoke(Unknown Source)
	at org.testng.internal.MethodInvocationHelper.invokeMethod(MethodInvocationHelper.java:80)
	at org.testng.internal.Invoker.invokeMethod(Invoker.java:714)
	at org.testng.internal.Invoker.invokeTestMethod(Invoker.java:901)
	at org.testng.internal.Invoker.invokeTestMethods(Invoker.java:1231)
	at org.testng.internal.TestMethodWorker.invokeTestMethods(TestMethodWorker.java:127)
	at org.testng.internal.TestMethodWorker.run(TestMethodWorker.java:111)
	at org.testng.TestRunner.privateRun(TestRunner.java:767)
	at org.testng.TestRunner.run(TestRunner.java:617)
	at org.testng.SuiteRunner.runTest(SuiteRunner.java:334)
	at org.testng.SuiteRunner.runSequentially(SuiteRunner.java:329)
	at org.testng.SuiteRunner.privateRun(SuiteRunner.java:291)
	at org.testng.SuiteRunner.run(SuiteRunner.java:240)
	at org.testng.SuiteRunnerWorker.runSuite(SuiteRunnerWorker.java:52)
	at org.testng.SuiteRunnerWorker.run(SuiteRunnerWorker.java:86)
	at org.testng.TestNG.runSuitesSequentially(TestNG.java:1198)
	at org.testng.TestNG.runSuitesLocally(TestNG.java:1123)
	at org.testng.TestNG.run(TestNG.java:1031)
	at org.testng.remote.AbstractRemoteTestNG.run(AbstractRemoteTestNG.java:114)
	at org.testng.remote.RemoteTestNG.initAndRun(RemoteTestNG.java:251)
	at org.testng.remote.RemoteTestNG.main(RemoteTestNG.java:77)
]]>
    </failure>
  </testcase> <!-- testPrices -->
  <testcase name="testPrices" time="116.650" classname="com.scripts.SampleTest"/>
  <testcase name="testPrices" time="134.120" classname="com.scripts.SampleTest"/>
  <testcase name="testPrices" time="104.987" classname="com.scripts.SampleTest"/>
  <testcase name="testPrices" time="101.793" classname="com.scripts.SampleTest"/>
  <testcase name="testPrices" time="153.218" classname="com.scripts.SampleTest"/>
  <testcase name="testPrices" time="103.335" classname="com.scripts.SampleTest"/>
  <testcase name="testPrices" time="128.189" classname="com.scripts.SampleTest"/>
  <testcase name="testPrices" time="113.317" classname="com.scripts.SampleTest"/>
  <testcase name="testPrices" time="174.410" classname="com.scripts.SampleTest"/>
  <testcase name="testPrices" time="108.443" classname="com.scripts.SampleTest"/>
  <testcase name="testPrices" time="112.568" classname="com.scripts.SampleTest"/>
  <testcase name="testPrices" time="128.108" classname="com.scripts.SampleTest"/>
  <testcase name="testPrices" time="3.993" classname="com.scripts.SampleTest">
    <failure type="java.lang.NullPointerException">
      <![CDATA[java.lang.NullPointerException
	at com.scripts.SampleTest.testPrices(SampleTest.java:120)
	at sun.reflect.GeneratedMethodAccessor15.invoke(Unknown Source)
	at sun.reflect.DelegatingMethodAccessorImpl.invoke(Unknown Source)
	at java.lang.reflect.Method.invoke(Unknown Source)
	at org.testng.internal.MethodInvocationHelper.invokeMethod(MethodInvocationHelper.java:80)
	at org.testng.internal.Invoker.invokeMethod(Invoker.java:714)
	at org.testng.internal.Invoker.invokeTestMethod(Invoker.java:901)
	at org.testng.internal.Invoker.invokeTestMethods(Invoker.java:1231)
	at org.testng.internal.TestMethodWorker.invokeTestMethods(TestMethodWorker.java:127)
	at org.testng.internal.TestMethodWorker.run(TestMethodWorker.java:111)
	at org.testng.TestRunner.privateRun(TestRunner.java:767)
	at org.testng.TestRunner.run(TestRunner.java:617)
	at org.testng.SuiteRunner.runTest(SuiteRunner.java:334)
	at org.testng.SuiteRunner.runSequentially(SuiteRunner.java:329)
	at org.testng.SuiteRunner.privateRun(SuiteRunner.java:291)
	at org.testng.SuiteRunner.run(SuiteRunner.java:240)
	at org.testng.SuiteRunnerWorker.runSuite(SuiteRunnerWorker.java:52)
	at org.testng.SuiteRunnerWorker.run(SuiteRunnerWorker.java:86)
	at org.testng.TestNG.runSuitesSequentially(TestNG.java:1198)
	at org.testng.TestNG.runSuitesLocally(TestNG.java:1123)
	at org.testng.TestNG.run(TestNG.java:1031)
	at org.testng.remote.AbstractRemoteTestNG.run(AbstractRemoteTestNG.java:114)
	at org.testng.remote.RemoteTestNG.initAndRun(RemoteTestNG.java:251)
	at org.testng.remote.RemoteTestNG.main(RemoteTestNG.java:77)
]]>
    </failure>
  </testcase> <!-- testPrices -->
  <testcase name="testPrices" time="121.209" classname="com.scripts.SampleTest"/>
  <testcase name="testPrices" time="143.690" classname="com.scripts.SampleTest"/>
  <testcase name="testPrices" time="2.178" classname="com.scripts.SampleTest">
    <failure type="java.lang.NullPointerException">
      <![CDATA[java.lang.NullPointerException
	at com.scripts.SampleTest.testPrices(SampleTest.java:102)
	at sun.reflect.GeneratedMethodAccessor15.invoke(Unknown Source)
	at sun.reflect.DelegatingMethodAccessorImpl.invoke(Unknown Source)
	at java.lang.reflect.Method.invoke(Unknown Source)
	at org.testng.internal.MethodInvocationHelper.invokeMethod(MethodInvocationHelper.java:80)
	at org.testng.internal.Invoker.invokeMethod(Invoker.java:714)
	at org.testng.internal.Invoker.invokeTestMethod(Invoker.java:901)
	at org.testng.internal.Invoker.invokeTestMethods(Invoker.java:1231)
	at org.testng.internal.TestMethodWorker.invokeTestMethods(TestMethodWorker.java:127)
	at org.testng.internal.TestMethodWorker.run(TestMethodWorker.java:111)
	at org.testng.TestRunner.privateRun(TestRunner.java:767)
	at org.testng.TestRunner.run(TestRunner.java:617)
	at org.testng.SuiteRunner.runTest(SuiteRunner.java:334)
	at org.testng.SuiteRunner.runSequentially(SuiteRunner.java:329)
	at org.testng.SuiteRunner.privateRun(SuiteRunner.java:291)
	at org.testng.SuiteRunner.run(SuiteRunner.java:240)
	at org.testng.SuiteRunnerWorker.runSuite(SuiteRunnerWorker.java:52)
	at org.testng.SuiteRunnerWorker.run(SuiteRunnerWorker.java:86)
	at org.testng.TestNG.runSuitesSequentially(TestNG.java:1198)
	at org.testng.TestNG.runSuitesLocally(TestNG.java:1123)
	at org.testng.TestNG.run(TestNG.java:1031)
	at org.testng.remote.AbstractRemoteTestNG.run(AbstractRemoteTestNG.java:114)
	at org.testng.remote.RemoteTestNG.initAndRun(RemoteTestNG.java:251)
	at org.testng.remote.RemoteTestNG.main(RemoteTestNG.java:77)
]]>
    </failure>
  </testcase> <!-- testPrices -->
  <testcase name="testPrices" time="100.014" classname="com.scripts.SampleTest"/>
  <testcase name="testPrices" time="105.743" classname="com.scripts.SampleTest"/>
  <testcase name="testPrices" time="126.449" classname="com.scripts.SampleTest"/>
  <testcase name="testPrices" time="111.188" classname="com.scripts.SampleTest"/>
  <testcase name="testPrices" time="137.923" classname="com.scripts.SampleTest"/>
  <testcase name="testPrices" time="106.822" classname="com.scripts.SampleTest"/>
  <testcase name="testPrices" time="112.862" classname="com.scripts.SampleTest"/>
  <testcase name="testPrices" time="121.030" classname="com.scripts.SampleTest"/>
  <testcase name="testPrices" time="125.037" classname="com.scripts.SampleTest"/>
  <testcase name="testPrices" time="147.111" classname="com.scripts.SampleTest"/>
  <testcase name="testPrices" time="3.751" classname="com.scripts.SampleTest">
    <failure type="java.lang.NullPointerException">
      <![CDATA[java.lang.NullPointerException
	at com.scripts.SampleTest.testPrices(SampleTest.java:102)
	at sun.reflect.NativeMethodAccessorImpl.invoke0(Native Method)
	at sun.reflect.NativeMethodAccessorImpl.invoke(Unknown Source)
	at sun.reflect.DelegatingMethodAccessorImpl.invoke(Unknown Source)
	at java.lang.reflect.Method.invoke(Unknown Source)
	at org.testng.internal.MethodInvocationHelper.invokeMethod(MethodInvocationHelper.java:80)
	at org.testng.internal.Invoker.invokeMethod(Invoker.java:714)
	at org.testng.internal.Invoker.invokeTestMethod(Invoker.java:901)
	at org.testng.internal.Invoker.invokeTestMethods(Invoker.java:1231)
	at org.testng.internal.TestMethodWorker.invokeTestMethods(TestMethodWorker.java:127)
	at org.testng.internal.TestMethodWorker.run(TestMethodWorker.java:111)
	at org.testng.TestRunner.privateRun(TestRunner.java:767)
	at org.testng.TestRunner.run(TestRunner.java:617)
	at org.testng.SuiteRunner.runTest(SuiteRunner.java:334)
	at org.testng.SuiteRunner.runSequentially(SuiteRunner.java:329)
	at org.testng.SuiteRunner.privateRun(SuiteRunner.java:291)
	at org.testng.SuiteRunner.run(SuiteRunner.java:240)
	at org.testng.SuiteRunnerWorker.runSuite(SuiteRunnerWorker.java:52)
	at org.testng.SuiteRunnerWorker.run(SuiteRunnerWorker.java:86)
	at org.testng.TestNG.runSuitesSequentially(TestNG.java:1198)
	at org.testng.TestNG.runSuitesLocally(TestNG.java:1123)
	at org.testng.TestNG.run(TestNG.java:1031)
	at org.testng.remote.AbstractRemoteTestNG.run(AbstractRemoteTestNG.java:114)
	at org.testng.remote.RemoteTestNG.initAndRun(RemoteTestNG.java:251)
	at org.testng.remote.RemoteTestNG.main(RemoteTestNG.java:77)
]]>
    </failure>
  </testcase> <!-- testPrices -->
  <testcase name="testPrices" time="107.582" classname="com.scripts.SampleTest"/>
  <testcase name="testPrices" time="104.148" classname="com.scripts.SampleTest"/>
  <testcase name="testPrices" time="112.400" classname="com.scripts.SampleTest"/>
  <testcase name="testPrices" time="124.444" classname="com.scripts.SampleTest"/>
  <testcase name="testPrices" time="133.989" classname="com.scripts.SampleTest"/>
  <testcase name="testPrices" time="118.918" classname="com.scripts.SampleTest"/>
  <testcase name="testPrices" time="118.595" classname="com.scripts.SampleTest"/>
  <testcase name="testPrices" time="107.605" classname="com.scripts.SampleTest"/>
  <testcase name="testPrices" time="124.545" classname="com.scripts.SampleTest"/>
  <testcase name="testPrices" time="117.500" classname="com.scripts.SampleTest"/>
  <testcase name="testPrices" time="139.565" classname="com.scripts.SampleTest"/>
  <testcase name="testPrices" time="121.680" classname="com.scripts.SampleTest"/>
  <testcase name="testPrices" time="108.639" classname="com.scripts.SampleTest"/>
  <testcase name="testPrices" time="123.314" classname="com.scripts.SampleTest"/>
  <testcase name="testPrices" time="117.744" classname="com.scripts.SampleTest"/>
  <testcase name="testPrices" time="118.083" classname="com.scripts.SampleTest"/>
  <testcase name="testPrices" time="135.039" classname="com.scripts.SampleTest"/>
  <testcase name="testPrices" time="112.594" classname="com.scripts.SampleTest"/>
  <testcase name="testPrices" time="125.907" classname="com.scripts.SampleTest"/>
  <testcase name="testPrices" time="130.684" classname="com.scripts.SampleTest"/>
  <testcase name="testPrices" time="112.466" classname="com.scripts.SampleTest"/>
  <testcase name="testPrices" time="131.868" classname="com.scripts.SampleTest"/>
  <testcase name="testPrices" time="119.311" classname="com.scripts.SampleTest"/>
  <testcase name="testPrices" time="117.033" classname="com.scripts.SampleTest"/>
  <testcase name="testPrices" time="125.854" classname="com.scripts.SampleTest"/>
  <testcase name="testPrices" time="118.093" classname="com.scripts.SampleTest"/>
  <testcase name="testPrices" time="130.918" classname="com.scripts.SampleTest"/>
  <testcase name="testPrices" time="107.988" classname="com.scripts.SampleTest"/>
  <testcase name="testPrices" time="133.037" classname="com.scripts.SampleTest"/>
  <testcase name="testPrices" time="107.412" classname="com.scripts.SampleTest"/>
  <testcase name="testPrices" time="135.436" classname="com.scripts.SampleTest"/>
  <testcase name="testPrices" time="123.186" classname="com.scripts.SampleTest"/>
  <testcase name="testPrices" time="128.050" classname="com.scripts.SampleTest"/>
  <testcase name="testPrices" time="120.109" classname="com.scripts.SampleTest"/>
  <testcase name="testPrices" time="118.983" classname="com.scripts.SampleTest"/>
  <testcase name="testPrices" time="130.014" classname="com.scripts.SampleTest"/>
  <testcase name="testPrices" time="115.590" classname="com.scripts.SampleTest"/>
  <testcase name="testPrices" time="116.665" classname="com.scripts.SampleTest"/>
  <testcase name="testPrices" time="104.296" classname="com.scripts.SampleTest"/>
  <testcase name="testPrices" time="105.173" classname="com.scripts.SampleTest"/>
  <testcase name="testPrices" time="137.174" classname="com.scripts.SampleTest"/>
  <testcase name="testPrices" time="108.250" classname="com.scripts.SampleTest"/>
  <testcase name="testPrices" time="117.571" classname="com.scripts.SampleTest"/>
  <testcase name="testPrices" time="116.177" classname="com.scripts.SampleTest"/>
  <testcase name="testPrices" time="115.634" classname="com.scripts.SampleTest"/>
  <testcase name="testPrices" time="110.078" classname="com.scripts.SampleTest"/>
  <testcase name="testPrices" time="108.861" classname="com.scripts.SampleTest"/>
  <testcase name="testPrices" time="3.999" classname="com.scripts.SampleTest">
    <failure type="java.lang.NullPointerException">
      <![CDATA[java.lang.NullPointerException
	at com.scripts.SampleTest.testPrices(SampleTest.java:120)
	at sun.reflect.GeneratedMethodAccessor15.invoke(Unknown Source)
	at sun.reflect.DelegatingMethodAccessorImpl.invoke(Unknown Source)
	at java.lang.reflect.Method.invoke(Unknown Source)
	at org.testng.internal.MethodInvocationHelper.invokeMethod(MethodInvocationHelper.java:80)
	at org.testng.internal.Invoker.invokeMethod(Invoker.java:714)
	at org.testng.internal.Invoker.invokeTestMethod(Invoker.java:901)
	at org.testng.internal.Invoker.invokeTestMethods(Invoker.java:1231)
	at org.testng.internal.TestMethodWorker.invokeTestMethods(TestMethodWorker.java:127)
	at org.testng.internal.TestMethodWorker.run(TestMethodWorker.java:111)
	at org.testng.TestRunner.privateRun(TestRunner.java:767)
	at org.testng.TestRunner.run(TestRunner.java:617)
	at org.testng.SuiteRunner.runTest(SuiteRunner.java:334)
	at org.testng.SuiteRunner.runSequentially(SuiteRunner.java:329)
	at org.testng.SuiteRunner.privateRun(SuiteRunner.java:291)
	at org.testng.SuiteRunner.run(SuiteRunner.java:240)
	at org.testng.SuiteRunnerWorker.runSuite(SuiteRunnerWorker.java:52)
	at org.testng.SuiteRunnerWorker.run(SuiteRunnerWorker.java:86)
	at org.testng.TestNG.runSuitesSequentially(TestNG.java:1198)
	at org.testng.TestNG.runSuitesLocally(TestNG.java:1123)
	at org.testng.TestNG.run(TestNG.java:1031)
	at org.testng.remote.AbstractRemoteTestNG.run(AbstractRemoteTestNG.java:114)
	at org.testng.remote.RemoteTestNG.initAndRun(RemoteTestNG.java:251)
	at org.testng.remote.RemoteTestNG.main(RemoteTestNG.java:77)
]]>
    </failure>
  </testcase> <!-- testPrices -->
  <testcase name="testPrices" time="110.882" classname="com.scripts.SampleTest"/>
  <testcase name="testPrices" time="138.783" classname="com.scripts.SampleTest"/>
  <testcase name="testPrices" time="106.065" classname="com.scripts.SampleTest"/>
  <testcase name="testPrices" time="107.053" classname="com.scripts.SampleTest"/>
  <testcase name="testPrices" time="137.113" classname="com.scripts.SampleTest"/>
  <testcase name="testPrices" time="101.247" classname="com.scripts.SampleTest"/>
  <testcase name="testPrices" time="122.582" classname="com.scripts.SampleTest"/>
  <testcase name="testPrices" time="115.843" classname="com.scripts.SampleTest"/>
  <testcase name="testPrices" time="129.249" classname="com.scripts.SampleTest"/>
  <testcase name="testPrices" time="132.246" classname="com.scripts.SampleTest"/>
  <testcase name="testPrices" time="115.932" classname="com.scripts.SampleTest"/>
  <testcase name="testPrices" time="102.950" classname="com.scripts.SampleTest"/>
  <testcase name="testPrices" time="120.817" classname="com.scripts.SampleTest"/>
  <testcase name="testPrices" time="119.622" classname="com.scripts.SampleTest"/>
  <testcase name="testPrices" time="121.470" classname="com.scripts.SampleTest"/>
  <testcase name="testPrices" time="127.806" classname="com.scripts.SampleTest"/>
  <testcase name="testPrices" time="186.930" classname="com.scripts.SampleTest"/>
  <testcase name="testPrices" time="126.761" classname="com.scripts.SampleTest"/>
  <testcase name="testPrices" time="111.338" classname="com.scripts.SampleTest"/>
  <testcase name="testPrices" time="117.284" classname="com.scripts.SampleTest"/>
  <testcase name="testPrices" time="3.999" classname="com.scripts.SampleTest">
    <failure type="java.lang.NullPointerException">
      <![CDATA[java.lang.NullPointerException
	at com.scripts.SampleTest.testPrices(SampleTest.java:120)
	at sun.reflect.GeneratedMethodAccessor15.invoke(Unknown Source)
	at sun.reflect.DelegatingMethodAccessorImpl.invoke(Unknown Source)
	at java.lang.reflect.Method.invoke(Unknown Source)
	at org.testng.internal.MethodInvocationHelper.invokeMethod(MethodInvocationHelper.java:80)
	at org.testng.internal.Invoker.invokeMethod(Invoker.java:714)
	at org.testng.internal.Invoker.invokeTestMethod(Invoker.java:901)
	at org.testng.internal.Invoker.invokeTestMethods(Invoker.java:1231)
	at org.testng.internal.TestMethodWorker.invokeTestMethods(TestMethodWorker.java:127)
	at org.testng.internal.TestMethodWorker.run(TestMethodWorker.java:111)
	at org.testng.TestRunner.privateRun(TestRunner.java:767)
	at org.testng.TestRunner.run(TestRunner.java:617)
	at org.testng.SuiteRunner.runTest(SuiteRunner.java:334)
	at org.testng.SuiteRunner.runSequentially(SuiteRunner.java:329)
	at org.testng.SuiteRunner.privateRun(SuiteRunner.java:291)
	at org.testng.SuiteRunner.run(SuiteRunner.java:240)
	at org.testng.SuiteRunnerWorker.runSuite(SuiteRunnerWorker.java:52)
	at org.testng.SuiteRunnerWorker.run(SuiteRunnerWorker.java:86)
	at org.testng.TestNG.runSuitesSequentially(TestNG.java:1198)
	at org.testng.TestNG.runSuitesLocally(TestNG.java:1123)
	at org.testng.TestNG.run(TestNG.java:1031)
	at org.testng.remote.AbstractRemoteTestNG.run(AbstractRemoteTestNG.java:114)
	at org.testng.remote.RemoteTestNG.initAndRun(RemoteTestNG.java:251)
	at org.testng.remote.RemoteTestNG.main(RemoteTestNG.java:77)
]]>
    </failure>
  </testcase> <!-- testPrices -->
  <testcase name="testPrices" time="107.423" classname="com.scripts.SampleTest"/>
  <testcase name="testPrices" time="106.277" classname="com.scripts.SampleTest"/>
  <testcase name="testPrices" time="103.462" classname="com.scripts.SampleTest"/>
  <testcase name="testPrices" time="119.257" classname="com.scripts.SampleTest"/>
  <testcase name="testPrices" time="123.935" classname="com.scripts.SampleTest"/>
  <testcase name="testPrices" time="132.995" classname="com.scripts.SampleTest"/>
  <testcase name="testPrices" time="126.180" classname="com.scripts.SampleTest"/>
  <testcase name="testPrices" time="113.161" classname="com.scripts.SampleTest"/>
  <testcase name="testPrices" time="113.002" classname="com.scripts.SampleTest"/>
  <testcase name="testPrices" time="147.226" classname="com.scripts.SampleTest"/>
  <testcase name="testPrices" time="108.893" classname="com.scripts.SampleTest"/>
  <testcase name="testPrices" time="124.959" classname="com.scripts.SampleTest"/>
  <testcase name="test_Navigate_From_C4C_To_CPQ" time="159.473" classname="com.scripts.SampleTest"/>
  <testcase name="testPrices" time="125.937" classname="com.scripts.SampleTest"/>
  <testcase name="testPrices" time="136.932" classname="com.scripts.SampleTest"/>
  <testcase name="testPrices" time="110.795" classname="com.scripts.SampleTest"/>
  <testcase name="testPrices" time="112.235" classname="com.scripts.SampleTest"/>
  <testcase name="testPrices" time="107.494" classname="com.scripts.SampleTest"/>
  <testcase name="testPrices" time="109.364" classname="com.scripts.SampleTest"/>
  <testcase name="testPrices" time="128.705" classname="com.scripts.SampleTest"/>
  <testcase name="testPrices" time="135.675" classname="com.scripts.SampleTest"/>
  <testcase name="testPrices" time="118.487" classname="com.scripts.SampleTest"/>
  <testcase name="testPrices" time="122.659" classname="com.scripts.SampleTest"/>
  <testcase name="testPrices" time="131.100" classname="com.scripts.SampleTest"/>
  <testcase name="testPrices" time="110.001" classname="com.scripts.SampleTest"/>
  <testcase name="testPrices" time="107.875" classname="com.scripts.SampleTest"/>
  <testcase name="testPrices" time="150.480" classname="com.scripts.SampleTest"/>
  <testcase name="testPrices" time="3.987" classname="com.scripts.SampleTest">
    <failure type="java.lang.NullPointerException">
      <![CDATA[java.lang.NullPointerException
	at com.scripts.SampleTest.testPrices(SampleTest.java:120)
	at sun.reflect.GeneratedMethodAccessor15.invoke(Unknown Source)
	at sun.reflect.DelegatingMethodAccessorImpl.invoke(Unknown Source)
	at java.lang.reflect.Method.invoke(Unknown Source)
	at org.testng.internal.MethodInvocationHelper.invokeMethod(MethodInvocationHelper.java:80)
	at org.testng.internal.Invoker.invokeMethod(Invoker.java:714)
	at org.testng.internal.Invoker.invokeTestMethod(Invoker.java:901)
	at org.testng.internal.Invoker.invokeTestMethods(Invoker.java:1231)
	at org.testng.internal.TestMethodWorker.invokeTestMethods(TestMethodWorker.java:127)
	at org.testng.internal.TestMethodWorker.run(TestMethodWorker.java:111)
	at org.testng.TestRunner.privateRun(TestRunner.java:767)
	at org.testng.TestRunner.run(TestRunner.java:617)
	at org.testng.SuiteRunner.runTest(SuiteRunner.java:334)
	at org.testng.SuiteRunner.runSequentially(SuiteRunner.java:329)
	at org.testng.SuiteRunner.privateRun(SuiteRunner.java:291)
	at org.testng.SuiteRunner.run(SuiteRunner.java:240)
	at org.testng.SuiteRunnerWorker.runSuite(SuiteRunnerWorker.java:52)
	at org.testng.SuiteRunnerWorker.run(SuiteRunnerWorker.java:86)
	at org.testng.TestNG.runSuitesSequentially(TestNG.java:1198)
	at org.testng.TestNG.runSuitesLocally(TestNG.java:1123)
	at org.testng.TestNG.run(TestNG.java:1031)
	at org.testng.remote.AbstractRemoteTestNG.run(AbstractRemoteTestNG.java:114)
	at org.testng.remote.RemoteTestNG.initAndRun(RemoteTestNG.java:251)
	at org.testng.remote.RemoteTestNG.main(RemoteTestNG.java:77)
]]>
    </failure>
  </testcase> <!-- testPrices -->
  <testcase name="testPrices" time="115.618" classname="com.scripts.SampleTest"/>
  <testcase name="testPrices" time="120.334" classname="com.scripts.SampleTest"/>
  <testcase name="testPrices" time="111.876" classname="com.scripts.SampleTest"/>
  <testcase name="testPrices" time="105.387" classname="com.scripts.SampleTest"/>
  <testcase name="testPrices" time="119.100" classname="com.scripts.SampleTest"/>
  <testcase name="testPrices" time="137.627" classname="com.scripts.SampleTest"/>
  <testcase name="testPrices" time="123.389" classname="com.scripts.SampleTest"/>
  <testcase name="testPrices" time="120.211" classname="com.scripts.SampleTest"/>
  <testcase name="testPrices" time="114.649" classname="com.scripts.SampleTest"/>
  <testcase name="testPrices" time="107.538" classname="com.scripts.SampleTest"/>
  <testcase name="testPrices" time="114.837" classname="com.scripts.SampleTest"/>
  <testcase name="testPrices" time="130.166" classname="com.scripts.SampleTest"/>
  <testcase name="testPrices" time="106.335" classname="com.scripts.SampleTest"/>
  <testcase name="testPrices" time="102.976" classname="com.scripts.SampleTest"/>
  <testcase name="testPrices" time="139.616" classname="com.scripts.SampleTest"/>
  <testcase name="testPrices" time="115.250" classname="com.scripts.SampleTest"/>
</testsuite> <!-- com.scripts.SampleTest -->
