<?xml version="1.0" encoding="UTF-8"?>
<!-- Generated by org.testng.reporters.JUnitReportReporter -->
<testsuite skipped="1" hostname="360NDCLP001" name="com.scripts.DataDrivenForEthernet" tests="2" failures="0" timestamp="02 Feb 2018 13:01:03 GMT" time="249.286" errors="1">
  <testcase name="test_02_check_Connectivity_And_Price_Of_sites_On_Basis_Of_UI_Segment" time="0.001" classname="com.scripts.DataDrivenForEthernet">
    <skipped/>
  </testcase> <!-- test_02_check_Connectivity_And_Price_Of_sites_On_Basis_Of_UI_Segment -->
  <testcase name="doLogin" time="249.285" classname="com.scripts.DataDrivenForEthernet">
    <error type="java.lang.OutOfMemoryError" message="Java heap space">
      <![CDATA[java.lang.OutOfMemoryError: Java heap space
	at java.util.Arrays.copyOfRange(Arrays.java:3664)
	at java.lang.String.<init>(String.java:207)
	at org.apache.xerces.xni.XMLString.toString(Unknown Source)
	at org.apache.xerces.impl.XMLNSDocumentScannerImpl.scanAttribute(Unknown Source)
	at org.apache.xerces.impl.XMLNSDocumentScannerImpl.scanStartElement(Unknown Source)
	at org.apache.xerces.impl.XMLDocumentFragmentScannerImpl$FragmentContentDispatcher.dispatch(Unknown Source)
	at org.apache.xerces.impl.XMLDocumentFragmentScannerImpl.scanDocument(Unknown Source)
	at org.apache.xerces.parsers.XML11Configuration.parse(Unknown Source)
	at org.apache.xerces.parsers.XML11Configuration.parse(Unknown Source)
	at org.apache.xerces.parsers.XMLParser.parse(Unknown Source)
	at org.apache.xerces.parsers.DOMParser.parse(Unknown Source)
	at org.apache.xerces.jaxp.DocumentBuilderImpl.parse(Unknown Source)
	at javax.xml.parsers.DocumentBuilder.parse(DocumentBuilder.java:121)
	at org.apache.poi.util.DocumentHelper.readDocument(DocumentHelper.java:140)
	at org.apache.poi.POIXMLTypeLoader.parse(POIXMLTypeLoader.java:143)
	at org.openxmlformats.schemas.spreadsheetml.x2006.main.WorksheetDocument$Factory.parse(Unknown Source)
	at org.apache.poi.xssf.usermodel.XSSFSheet.read(XSSFSheet.java:183)
	at org.apache.poi.xssf.usermodel.XSSFSheet.onDocumentRead(XSSFSheet.java:175)
	at org.apache.poi.xssf.usermodel.XSSFWorkbook.parseSheet(XSSFWorkbook.java:438)
	at org.apache.poi.xssf.usermodel.XSSFWorkbook.onDocumentRead(XSSFWorkbook.java:403)
	at org.apache.poi.POIXMLDocument.load(POIXMLDocument.java:190)
	at org.apache.poi.xssf.usermodel.XSSFWorkbook.<init>(XSSFWorkbook.java:296)
	at com.codoid.products.fillo.Fillo.getWorkbook(Fillo.java:56)
	at com.codoid.products.fillo.Fillo.getConnection(Fillo.java:40)
	at com.util.ExcelDataBaseConnector.createConnection(ExcelDataBaseConnector.java:23)
	at com.scripts.DataDrivenForEthernet.doLogin(DataDrivenForEthernet.java:25)
	at sun.reflect.NativeMethodAccessorImpl.invoke0(Native Method)
	at sun.reflect.NativeMethodAccessorImpl.invoke(NativeMethodAccessorImpl.java:62)
	at sun.reflect.DelegatingMethodAccessorImpl.invoke(DelegatingMethodAccessorImpl.java:43)
	at java.lang.reflect.Method.invoke(Method.java:498)
	at org.testng.internal.MethodInvocationHelper.invokeMethod(MethodInvocationHelper.java:108)
	at org.testng.internal.Invoker.invokeConfigurationMethod(Invoker.java:523)
]]>
    </error>
  </testcase> <!-- doLogin -->
</testsuite> <!-- com.scripts.DataDrivenForEthernet -->
