<?xml version="1.0" encoding="UTF-8"?>
<!-- Generated by org.testng.reporters.JUnitReportReporter -->
<testsuite hostname="360NDCPC058" name="com.scripts.FetchBuildingType" tests="1" failures="0" timestamp="4 May 2018 10:58:22 GMT" time="2762.700" errors="0">
  <testcase name="testEthernetHubResiliencyManually" time="2762.700" classname="com.scripts.FetchBuildingType"/>
</testsuite> <!-- com.scripts.FetchBuildingType -->
