<?xml version="1.0" encoding="UTF-8"?>
<!-- Generated by org.testng.reporters.JUnitReportReporter -->
<testsuite hostname="360NDCPC058" name="com.scripts.gridTest" tests="1" failures="0" timestamp="18 Jun 2018 11:52:31 GMT" time="8.819" errors="0">
  <testcase name="simpleTest" time="8.819" classname="com.scripts.gridTest"/>
</testsuite> <!-- com.scripts.gridTest -->
