<?xml version="1.0" encoding="UTF-8"?>
<!-- Generated by org.testng.reporters.JUnitReportReporter -->
<testsuite hostname="360NDCPC058" name="com.scripts.FetchBuildingType" tests="1" failures="0" timestamp="15 May 2018 09:30:58 GMT" time="74149.188" errors="0">
  <testcase name="testEthernetHubResiliencyManually" time="74149.188" classname="com.scripts.FetchBuildingType"/>
</testsuite> <!-- com.scripts.FetchBuildingType -->
