<?xml version="1.0" encoding="UTF-8"?>
<!-- Generated by org.testng.reporters.JUnitReportReporter -->
<testsuite hostname="360NDCPC058" name="com.scripts.SampleTest" tests="271" failures="9" timestamp="13 May 2018 03:49:34 GMT" time="31552.111" errors="0">
  <testcase name="testSpokePrices" time="103.120" classname="com.scripts.SampleTest"/>
  <testcase name="testSpokePrices" time="98.010" classname="com.scripts.SampleTest"/>
  <testcase name="testSpokePrices" time="121.521" classname="com.scripts.SampleTest"/>
  <testcase name="testSpokePrices" time="116.818" classname="com.scripts.SampleTest"/>
  <testcase name="testSpokePrices" time="109.562" classname="com.scripts.SampleTest"/>
  <testcase name="testSpokePrices" time="102.289" classname="com.scripts.SampleTest"/>
  <testcase name="testSpokePrices" time="111.856" classname="com.scripts.SampleTest"/>
  <testcase name="testSpokePrices" time="102.197" classname="com.scripts.SampleTest"/>
  <testcase name="testSpokePrices" time="134.610" classname="com.scripts.SampleTest"/>
  <testcase name="testSpokePrices" time="123.892" classname="com.scripts.SampleTest"/>
  <testcase name="testSpokePrices" time="116.151" classname="com.scripts.SampleTest"/>
  <testcase name="testSpokePrices" time="119.290" classname="com.scripts.SampleTest"/>
  <testcase name="testSpokePrices" time="113.863" classname="com.scripts.SampleTest"/>
  <testcase name="testSpokePrices" time="117.336" classname="com.scripts.SampleTest"/>
  <testcase name="testSpokePrices" time="126.925" classname="com.scripts.SampleTest"/>
  <testcase name="testSpokePrices" time="117.919" classname="com.scripts.SampleTest"/>
  <testcase name="testSpokePrices" time="4.020" classname="com.scripts.SampleTest">
    <failure type="java.lang.NullPointerException">
      <![CDATA[java.lang.NullPointerException
	at com.scripts.SampleTest.testSpokePrices(SampleTest.java:118)
	at sun.reflect.GeneratedMethodAccessor14.invoke(Unknown Source)
	at sun.reflect.DelegatingMethodAccessorImpl.invoke(DelegatingMethodAccessorImpl.java:43)
	at java.lang.reflect.Method.invoke(Method.java:498)
	at org.testng.internal.MethodInvocationHelper.invokeMethod(MethodInvocationHelper.java:80)
	at org.testng.internal.Invoker.invokeMethod(Invoker.java:714)
	at org.testng.internal.Invoker.invokeTestMethod(Invoker.java:901)
	at org.testng.internal.Invoker.invokeTestMethods(Invoker.java:1231)
	at org.testng.internal.TestMethodWorker.invokeTestMethods(TestMethodWorker.java:127)
	at org.testng.internal.TestMethodWorker.run(TestMethodWorker.java:111)
	at org.testng.TestRunner.privateRun(TestRunner.java:767)
	at org.testng.TestRunner.run(TestRunner.java:617)
	at org.testng.SuiteRunner.runTest(SuiteRunner.java:334)
	at org.testng.SuiteRunner.runSequentially(SuiteRunner.java:329)
	at org.testng.SuiteRunner.privateRun(SuiteRunner.java:291)
	at org.testng.SuiteRunner.run(SuiteRunner.java:240)
	at org.testng.SuiteRunnerWorker.runSuite(SuiteRunnerWorker.java:52)
	at org.testng.SuiteRunnerWorker.run(SuiteRunnerWorker.java:86)
	at org.testng.TestNG.runSuitesSequentially(TestNG.java:1198)
	at org.testng.TestNG.runSuitesLocally(TestNG.java:1123)
	at org.testng.TestNG.run(TestNG.java:1031)
	at org.testng.remote.AbstractRemoteTestNG.run(AbstractRemoteTestNG.java:114)
	at org.testng.remote.RemoteTestNG.initAndRun(RemoteTestNG.java:251)
	at org.testng.remote.RemoteTestNG.main(RemoteTestNG.java:77)
]]>
    </failure>
  </testcase> <!-- testSpokePrices -->
  <testcase name="testSpokePrices" time="130.094" classname="com.scripts.SampleTest"/>
  <testcase name="testSpokePrices" time="115.534" classname="com.scripts.SampleTest"/>
  <testcase name="testSpokePrices" time="130.567" classname="com.scripts.SampleTest"/>
  <testcase name="testSpokePrices" time="112.323" classname="com.scripts.SampleTest"/>
  <testcase name="testSpokePrices" time="118.302" classname="com.scripts.SampleTest"/>
  <testcase name="testSpokePrices" time="109.397" classname="com.scripts.SampleTest"/>
  <testcase name="testSpokePrices" time="132.813" classname="com.scripts.SampleTest"/>
  <testcase name="testSpokePrices" time="120.508" classname="com.scripts.SampleTest"/>
  <testcase name="testSpokePrices" time="124.196" classname="com.scripts.SampleTest"/>
  <testcase name="testSpokePrices" time="117.351" classname="com.scripts.SampleTest"/>
  <testcase name="testSpokePrices" time="151.665" classname="com.scripts.SampleTest"/>
  <testcase name="testSpokePrices" time="115.803" classname="com.scripts.SampleTest"/>
  <testcase name="testSpokePrices" time="111.154" classname="com.scripts.SampleTest"/>
  <testcase name="testSpokePrices" time="105.488" classname="com.scripts.SampleTest"/>
  <testcase name="testSpokePrices" time="106.518" classname="com.scripts.SampleTest"/>
  <testcase name="testSpokePrices" time="117.094" classname="com.scripts.SampleTest"/>
  <testcase name="testSpokePrices" time="148.323" classname="com.scripts.SampleTest"/>
  <testcase name="testSpokePrices" time="141.163" classname="com.scripts.SampleTest"/>
  <testcase name="testSpokePrices" time="120.039" classname="com.scripts.SampleTest"/>
  <testcase name="testSpokePrices" time="101.208" classname="com.scripts.SampleTest"/>
  <testcase name="testSpokePrices" time="122.299" classname="com.scripts.SampleTest"/>
  <testcase name="testSpokePrices" time="99.988" classname="com.scripts.SampleTest"/>
  <testcase name="testSpokePrices" time="103.611" classname="com.scripts.SampleTest"/>
  <testcase name="testSpokePrices" time="119.416" classname="com.scripts.SampleTest"/>
  <testcase name="testSpokePrices" time="109.066" classname="com.scripts.SampleTest"/>
  <testcase name="testSpokePrices" time="129.570" classname="com.scripts.SampleTest"/>
  <testcase name="testSpokePrices" time="109.889" classname="com.scripts.SampleTest"/>
  <testcase name="testSpokePrices" time="127.714" classname="com.scripts.SampleTest"/>
  <testcase name="testSpokePrices" time="123.121" classname="com.scripts.SampleTest"/>
  <testcase name="testSpokePrices" time="121.790" classname="com.scripts.SampleTest"/>
  <testcase name="testSpokePrices" time="126.776" classname="com.scripts.SampleTest"/>
  <testcase name="testSpokePrices" time="115.611" classname="com.scripts.SampleTest"/>
  <testcase name="testSpokePrices" time="143.941" classname="com.scripts.SampleTest"/>
  <testcase name="testSpokePrices" time="114.141" classname="com.scripts.SampleTest"/>
  <testcase name="testSpokePrices" time="109.076" classname="com.scripts.SampleTest"/>
  <testcase name="testSpokePrices" time="168.529" classname="com.scripts.SampleTest"/>
  <testcase name="testSpokePrices" time="119.544" classname="com.scripts.SampleTest"/>
  <testcase name="testSpokePrices" time="121.320" classname="com.scripts.SampleTest"/>
  <testcase name="testSpokePrices" time="109.407" classname="com.scripts.SampleTest"/>
  <testcase name="testSpokePrices" time="115.003" classname="com.scripts.SampleTest"/>
  <testcase name="testSpokePrices" time="109.272" classname="com.scripts.SampleTest"/>
  <testcase name="testSpokePrices" time="157.413" classname="com.scripts.SampleTest"/>
  <testcase name="testSpokePrices" time="111.585" classname="com.scripts.SampleTest"/>
  <testcase name="testSpokePrices" time="135.446" classname="com.scripts.SampleTest"/>
  <testcase name="testSpokePrices" time="119.245" classname="com.scripts.SampleTest"/>
  <testcase name="testSpokePrices" time="125.676" classname="com.scripts.SampleTest"/>
  <testcase name="testSpokePrices" time="100.937" classname="com.scripts.SampleTest"/>
  <testcase name="testSpokePrices" time="154.160" classname="com.scripts.SampleTest"/>
  <testcase name="testSpokePrices" time="109.881" classname="com.scripts.SampleTest"/>
  <testcase name="testSpokePrices" time="122.416" classname="com.scripts.SampleTest"/>
  <testcase name="testSpokePrices" time="116.939" classname="com.scripts.SampleTest"/>
  <testcase name="testSpokePrices" time="4.038" classname="com.scripts.SampleTest">
    <failure type="java.lang.NullPointerException">
      <![CDATA[java.lang.NullPointerException
	at com.scripts.SampleTest.testSpokePrices(SampleTest.java:118)
	at sun.reflect.GeneratedMethodAccessor14.invoke(Unknown Source)
	at sun.reflect.DelegatingMethodAccessorImpl.invoke(DelegatingMethodAccessorImpl.java:43)
	at java.lang.reflect.Method.invoke(Method.java:498)
	at org.testng.internal.MethodInvocationHelper.invokeMethod(MethodInvocationHelper.java:80)
	at org.testng.internal.Invoker.invokeMethod(Invoker.java:714)
	at org.testng.internal.Invoker.invokeTestMethod(Invoker.java:901)
	at org.testng.internal.Invoker.invokeTestMethods(Invoker.java:1231)
	at org.testng.internal.TestMethodWorker.invokeTestMethods(TestMethodWorker.java:127)
	at org.testng.internal.TestMethodWorker.run(TestMethodWorker.java:111)
	at org.testng.TestRunner.privateRun(TestRunner.java:767)
	at org.testng.TestRunner.run(TestRunner.java:617)
	at org.testng.SuiteRunner.runTest(SuiteRunner.java:334)
	at org.testng.SuiteRunner.runSequentially(SuiteRunner.java:329)
	at org.testng.SuiteRunner.privateRun(SuiteRunner.java:291)
	at org.testng.SuiteRunner.run(SuiteRunner.java:240)
	at org.testng.SuiteRunnerWorker.runSuite(SuiteRunnerWorker.java:52)
	at org.testng.SuiteRunnerWorker.run(SuiteRunnerWorker.java:86)
	at org.testng.TestNG.runSuitesSequentially(TestNG.java:1198)
	at org.testng.TestNG.runSuitesLocally(TestNG.java:1123)
	at org.testng.TestNG.run(TestNG.java:1031)
	at org.testng.remote.AbstractRemoteTestNG.run(AbstractRemoteTestNG.java:114)
	at org.testng.remote.RemoteTestNG.initAndRun(RemoteTestNG.java:251)
	at org.testng.remote.RemoteTestNG.main(RemoteTestNG.java:77)
]]>
    </failure>
  </testcase> <!-- testSpokePrices -->
  <testcase name="testSpokePrices" time="103.404" classname="com.scripts.SampleTest"/>
  <testcase name="testSpokePrices" time="108.853" classname="com.scripts.SampleTest"/>
  <testcase name="testSpokePrices" time="114.291" classname="com.scripts.SampleTest"/>
  <testcase name="testSpokePrices" time="98.960" classname="com.scripts.SampleTest"/>
  <testcase name="testSpokePrices" time="99.508" classname="com.scripts.SampleTest"/>
  <testcase name="testSpokePrices" time="144.064" classname="com.scripts.SampleTest"/>
  <testcase name="testSpokePrices" time="117.516" classname="com.scripts.SampleTest"/>
  <testcase name="testSpokePrices" time="121.911" classname="com.scripts.SampleTest"/>
  <testcase name="testSpokePrices" time="135.938" classname="com.scripts.SampleTest"/>
  <testcase name="testSpokePrices" time="103.242" classname="com.scripts.SampleTest"/>
  <testcase name="testSpokePrices" time="109.996" classname="com.scripts.SampleTest"/>
  <testcase name="testSpokePrices" time="115.376" classname="com.scripts.SampleTest"/>
  <testcase name="testSpokePrices" time="97.775" classname="com.scripts.SampleTest"/>
  <testcase name="testSpokePrices" time="108.841" classname="com.scripts.SampleTest"/>
  <testcase name="testSpokePrices" time="101.194" classname="com.scripts.SampleTest"/>
  <testcase name="testSpokePrices" time="105.191" classname="com.scripts.SampleTest"/>
  <testcase name="testSpokePrices" time="163.894" classname="com.scripts.SampleTest"/>
  <testcase name="testSpokePrices" time="160.763" classname="com.scripts.SampleTest"/>
  <testcase name="testSpokePrices" time="113.900" classname="com.scripts.SampleTest"/>
  <testcase name="testSpokePrices" time="112.579" classname="com.scripts.SampleTest"/>
  <testcase name="testSpokePrices" time="125.317" classname="com.scripts.SampleTest"/>
  <testcase name="testSpokePrices" time="108.812" classname="com.scripts.SampleTest"/>
  <testcase name="testSpokePrices" time="4.620" classname="com.scripts.SampleTest">
    <failure type="java.lang.NullPointerException">
      <![CDATA[java.lang.NullPointerException
	at com.scripts.SampleTest.testSpokePrices(SampleTest.java:118)
	at sun.reflect.GeneratedMethodAccessor14.invoke(Unknown Source)
	at sun.reflect.DelegatingMethodAccessorImpl.invoke(DelegatingMethodAccessorImpl.java:43)
	at java.lang.reflect.Method.invoke(Method.java:498)
	at org.testng.internal.MethodInvocationHelper.invokeMethod(MethodInvocationHelper.java:80)
	at org.testng.internal.Invoker.invokeMethod(Invoker.java:714)
	at org.testng.internal.Invoker.invokeTestMethod(Invoker.java:901)
	at org.testng.internal.Invoker.invokeTestMethods(Invoker.java:1231)
	at org.testng.internal.TestMethodWorker.invokeTestMethods(TestMethodWorker.java:127)
	at org.testng.internal.TestMethodWorker.run(TestMethodWorker.java:111)
	at org.testng.TestRunner.privateRun(TestRunner.java:767)
	at org.testng.TestRunner.run(TestRunner.java:617)
	at org.testng.SuiteRunner.runTest(SuiteRunner.java:334)
	at org.testng.SuiteRunner.runSequentially(SuiteRunner.java:329)
	at org.testng.SuiteRunner.privateRun(SuiteRunner.java:291)
	at org.testng.SuiteRunner.run(SuiteRunner.java:240)
	at org.testng.SuiteRunnerWorker.runSuite(SuiteRunnerWorker.java:52)
	at org.testng.SuiteRunnerWorker.run(SuiteRunnerWorker.java:86)
	at org.testng.TestNG.runSuitesSequentially(TestNG.java:1198)
	at org.testng.TestNG.runSuitesLocally(TestNG.java:1123)
	at org.testng.TestNG.run(TestNG.java:1031)
	at org.testng.remote.AbstractRemoteTestNG.run(AbstractRemoteTestNG.java:114)
	at org.testng.remote.RemoteTestNG.initAndRun(RemoteTestNG.java:251)
	at org.testng.remote.RemoteTestNG.main(RemoteTestNG.java:77)
]]>
    </failure>
  </testcase> <!-- testSpokePrices -->
  <testcase name="testSpokePrices" time="101.318" classname="com.scripts.SampleTest"/>
  <testcase name="testSpokePrices" time="118.810" classname="com.scripts.SampleTest"/>
  <testcase name="testSpokePrices" time="140.985" classname="com.scripts.SampleTest"/>
  <testcase name="testSpokePrices" time="124.937" classname="com.scripts.SampleTest"/>
  <testcase name="testSpokePrices" time="120.924" classname="com.scripts.SampleTest"/>
  <testcase name="testSpokePrices" time="103.390" classname="com.scripts.SampleTest"/>
  <testcase name="testSpokePrices" time="127.643" classname="com.scripts.SampleTest"/>
  <testcase name="testSpokePrices" time="109.645" classname="com.scripts.SampleTest"/>
  <testcase name="testSpokePrices" time="123.499" classname="com.scripts.SampleTest"/>
  <testcase name="testSpokePrices" time="112.208" classname="com.scripts.SampleTest"/>
  <testcase name="testSpokePrices" time="110.965" classname="com.scripts.SampleTest"/>
  <testcase name="testSpokePrices" time="110.346" classname="com.scripts.SampleTest"/>
  <testcase name="testSpokePrices" time="109.638" classname="com.scripts.SampleTest"/>
  <testcase name="testSpokePrices" time="116.143" classname="com.scripts.SampleTest"/>
  <testcase name="testSpokePrices" time="105.437" classname="com.scripts.SampleTest"/>
  <testcase name="testSpokePrices" time="128.301" classname="com.scripts.SampleTest"/>
  <testcase name="testSpokePrices" time="102.941" classname="com.scripts.SampleTest"/>
  <testcase name="testSpokePrices" time="137.858" classname="com.scripts.SampleTest"/>
  <testcase name="testSpokePrices" time="132.667" classname="com.scripts.SampleTest"/>
  <testcase name="testSpokePrices" time="4.502" classname="com.scripts.SampleTest">
    <failure type="java.lang.NullPointerException">
      <![CDATA[java.lang.NullPointerException
	at com.scripts.SampleTest.testSpokePrices(SampleTest.java:118)
	at sun.reflect.GeneratedMethodAccessor14.invoke(Unknown Source)
	at sun.reflect.DelegatingMethodAccessorImpl.invoke(DelegatingMethodAccessorImpl.java:43)
	at java.lang.reflect.Method.invoke(Method.java:498)
	at org.testng.internal.MethodInvocationHelper.invokeMethod(MethodInvocationHelper.java:80)
	at org.testng.internal.Invoker.invokeMethod(Invoker.java:714)
	at org.testng.internal.Invoker.invokeTestMethod(Invoker.java:901)
	at org.testng.internal.Invoker.invokeTestMethods(Invoker.java:1231)
	at org.testng.internal.TestMethodWorker.invokeTestMethods(TestMethodWorker.java:127)
	at org.testng.internal.TestMethodWorker.run(TestMethodWorker.java:111)
	at org.testng.TestRunner.privateRun(TestRunner.java:767)
	at org.testng.TestRunner.run(TestRunner.java:617)
	at org.testng.SuiteRunner.runTest(SuiteRunner.java:334)
	at org.testng.SuiteRunner.runSequentially(SuiteRunner.java:329)
	at org.testng.SuiteRunner.privateRun(SuiteRunner.java:291)
	at org.testng.SuiteRunner.run(SuiteRunner.java:240)
	at org.testng.SuiteRunnerWorker.runSuite(SuiteRunnerWorker.java:52)
	at org.testng.SuiteRunnerWorker.run(SuiteRunnerWorker.java:86)
	at org.testng.TestNG.runSuitesSequentially(TestNG.java:1198)
	at org.testng.TestNG.runSuitesLocally(TestNG.java:1123)
	at org.testng.TestNG.run(TestNG.java:1031)
	at org.testng.remote.AbstractRemoteTestNG.run(AbstractRemoteTestNG.java:114)
	at org.testng.remote.RemoteTestNG.initAndRun(RemoteTestNG.java:251)
	at org.testng.remote.RemoteTestNG.main(RemoteTestNG.java:77)
]]>
    </failure>
  </testcase> <!-- testSpokePrices -->
  <testcase name="testSpokePrices" time="134.422" classname="com.scripts.SampleTest"/>
  <testcase name="testSpokePrices" time="112.341" classname="com.scripts.SampleTest"/>
  <testcase name="testSpokePrices" time="151.196" classname="com.scripts.SampleTest"/>
  <testcase name="testSpokePrices" time="120.064" classname="com.scripts.SampleTest"/>
  <testcase name="testSpokePrices" time="140.068" classname="com.scripts.SampleTest"/>
  <testcase name="testSpokePrices" time="125.164" classname="com.scripts.SampleTest"/>
  <testcase name="testSpokePrices" time="112.375" classname="com.scripts.SampleTest"/>
  <testcase name="testSpokePrices" time="112.074" classname="com.scripts.SampleTest"/>
  <testcase name="testSpokePrices" time="105.024" classname="com.scripts.SampleTest"/>
  <testcase name="testSpokePrices" time="103.736" classname="com.scripts.SampleTest"/>
  <testcase name="testSpokePrices" time="102.989" classname="com.scripts.SampleTest"/>
  <testcase name="testSpokePrices" time="111.593" classname="com.scripts.SampleTest"/>
  <testcase name="testSpokePrices" time="125.864" classname="com.scripts.SampleTest"/>
  <testcase name="testSpokePrices" time="113.241" classname="com.scripts.SampleTest"/>
  <testcase name="testSpokePrices" time="3.924" classname="com.scripts.SampleTest">
    <failure type="java.lang.NullPointerException">
      <![CDATA[java.lang.NullPointerException
	at com.scripts.SampleTest.testSpokePrices(SampleTest.java:118)
	at sun.reflect.GeneratedMethodAccessor14.invoke(Unknown Source)
	at sun.reflect.DelegatingMethodAccessorImpl.invoke(DelegatingMethodAccessorImpl.java:43)
	at java.lang.reflect.Method.invoke(Method.java:498)
	at org.testng.internal.MethodInvocationHelper.invokeMethod(MethodInvocationHelper.java:80)
	at org.testng.internal.Invoker.invokeMethod(Invoker.java:714)
	at org.testng.internal.Invoker.invokeTestMethod(Invoker.java:901)
	at org.testng.internal.Invoker.invokeTestMethods(Invoker.java:1231)
	at org.testng.internal.TestMethodWorker.invokeTestMethods(TestMethodWorker.java:127)
	at org.testng.internal.TestMethodWorker.run(TestMethodWorker.java:111)
	at org.testng.TestRunner.privateRun(TestRunner.java:767)
	at org.testng.TestRunner.run(TestRunner.java:617)
	at org.testng.SuiteRunner.runTest(SuiteRunner.java:334)
	at org.testng.SuiteRunner.runSequentially(SuiteRunner.java:329)
	at org.testng.SuiteRunner.privateRun(SuiteRunner.java:291)
	at org.testng.SuiteRunner.run(SuiteRunner.java:240)
	at org.testng.SuiteRunnerWorker.runSuite(SuiteRunnerWorker.java:52)
	at org.testng.SuiteRunnerWorker.run(SuiteRunnerWorker.java:86)
	at org.testng.TestNG.runSuitesSequentially(TestNG.java:1198)
	at org.testng.TestNG.runSuitesLocally(TestNG.java:1123)
	at org.testng.TestNG.run(TestNG.java:1031)
	at org.testng.remote.AbstractRemoteTestNG.run(AbstractRemoteTestNG.java:114)
	at org.testng.remote.RemoteTestNG.initAndRun(RemoteTestNG.java:251)
	at org.testng.remote.RemoteTestNG.main(RemoteTestNG.java:77)
]]>
    </failure>
  </testcase> <!-- testSpokePrices -->
  <testcase name="testSpokePrices" time="124.247" classname="com.scripts.SampleTest"/>
  <testcase name="testSpokePrices" time="99.214" classname="com.scripts.SampleTest"/>
  <testcase name="testSpokePrices" time="130.849" classname="com.scripts.SampleTest"/>
  <testcase name="testSpokePrices" time="140.500" classname="com.scripts.SampleTest"/>
  <testcase name="testSpokePrices" time="110.391" classname="com.scripts.SampleTest"/>
  <testcase name="testSpokePrices" time="116.675" classname="com.scripts.SampleTest"/>
  <testcase name="testSpokePrices" time="133.125" classname="com.scripts.SampleTest"/>
  <testcase name="testSpokePrices" time="138.727" classname="com.scripts.SampleTest"/>
  <testcase name="testSpokePrices" time="116.450" classname="com.scripts.SampleTest"/>
  <testcase name="testSpokePrices" time="116.249" classname="com.scripts.SampleTest"/>
  <testcase name="testSpokePrices" time="116.839" classname="com.scripts.SampleTest"/>
  <testcase name="testSpokePrices" time="115.340" classname="com.scripts.SampleTest"/>
  <testcase name="testSpokePrices" time="140.724" classname="com.scripts.SampleTest"/>
  <testcase name="testSpokePrices" time="97.730" classname="com.scripts.SampleTest"/>
  <testcase name="testSpokePrices" time="128.640" classname="com.scripts.SampleTest"/>
  <testcase name="testSpokePrices" time="144.755" classname="com.scripts.SampleTest"/>
  <testcase name="testSpokePrices" time="129.899" classname="com.scripts.SampleTest"/>
  <testcase name="testSpokePrices" time="133.523" classname="com.scripts.SampleTest"/>
  <testcase name="testSpokePrices" time="116.197" classname="com.scripts.SampleTest"/>
  <testcase name="testSpokePrices" time="126.196" classname="com.scripts.SampleTest"/>
  <testcase name="testSpokePrices" time="4.642" classname="com.scripts.SampleTest">
    <failure type="java.lang.NullPointerException">
      <![CDATA[java.lang.NullPointerException
	at com.scripts.SampleTest.testSpokePrices(SampleTest.java:118)
	at sun.reflect.NativeMethodAccessorImpl.invoke0(Native Method)
	at sun.reflect.NativeMethodAccessorImpl.invoke(NativeMethodAccessorImpl.java:62)
	at sun.reflect.DelegatingMethodAccessorImpl.invoke(DelegatingMethodAccessorImpl.java:43)
	at java.lang.reflect.Method.invoke(Method.java:498)
	at org.testng.internal.MethodInvocationHelper.invokeMethod(MethodInvocationHelper.java:80)
	at org.testng.internal.Invoker.invokeMethod(Invoker.java:714)
	at org.testng.internal.Invoker.invokeTestMethod(Invoker.java:901)
	at org.testng.internal.Invoker.invokeTestMethods(Invoker.java:1231)
	at org.testng.internal.TestMethodWorker.invokeTestMethods(TestMethodWorker.java:127)
	at org.testng.internal.TestMethodWorker.run(TestMethodWorker.java:111)
	at org.testng.TestRunner.privateRun(TestRunner.java:767)
	at org.testng.TestRunner.run(TestRunner.java:617)
	at org.testng.SuiteRunner.runTest(SuiteRunner.java:334)
	at org.testng.SuiteRunner.runSequentially(SuiteRunner.java:329)
	at org.testng.SuiteRunner.privateRun(SuiteRunner.java:291)
	at org.testng.SuiteRunner.run(SuiteRunner.java:240)
	at org.testng.SuiteRunnerWorker.runSuite(SuiteRunnerWorker.java:52)
	at org.testng.SuiteRunnerWorker.run(SuiteRunnerWorker.java:86)
	at org.testng.TestNG.runSuitesSequentially(TestNG.java:1198)
	at org.testng.TestNG.runSuitesLocally(TestNG.java:1123)
	at org.testng.TestNG.run(TestNG.java:1031)
	at org.testng.remote.AbstractRemoteTestNG.run(AbstractRemoteTestNG.java:114)
	at org.testng.remote.RemoteTestNG.initAndRun(RemoteTestNG.java:251)
	at org.testng.remote.RemoteTestNG.main(RemoteTestNG.java:77)
]]>
    </failure>
  </testcase> <!-- testSpokePrices -->
  <testcase name="testSpokePrices" time="100.524" classname="com.scripts.SampleTest"/>
  <testcase name="testSpokePrices" time="109.997" classname="com.scripts.SampleTest"/>
  <testcase name="testSpokePrices" time="129.721" classname="com.scripts.SampleTest"/>
  <testcase name="testSpokePrices" time="3.524" classname="com.scripts.SampleTest">
    <failure type="java.lang.NullPointerException">
      <![CDATA[java.lang.NullPointerException
	at com.scripts.SampleTest.testSpokePrices(SampleTest.java:118)
	at sun.reflect.GeneratedMethodAccessor14.invoke(Unknown Source)
	at sun.reflect.DelegatingMethodAccessorImpl.invoke(DelegatingMethodAccessorImpl.java:43)
	at java.lang.reflect.Method.invoke(Method.java:498)
	at org.testng.internal.MethodInvocationHelper.invokeMethod(MethodInvocationHelper.java:80)
	at org.testng.internal.Invoker.invokeMethod(Invoker.java:714)
	at org.testng.internal.Invoker.invokeTestMethod(Invoker.java:901)
	at org.testng.internal.Invoker.invokeTestMethods(Invoker.java:1231)
	at org.testng.internal.TestMethodWorker.invokeTestMethods(TestMethodWorker.java:127)
	at org.testng.internal.TestMethodWorker.run(TestMethodWorker.java:111)
	at org.testng.TestRunner.privateRun(TestRunner.java:767)
	at org.testng.TestRunner.run(TestRunner.java:617)
	at org.testng.SuiteRunner.runTest(SuiteRunner.java:334)
	at org.testng.SuiteRunner.runSequentially(SuiteRunner.java:329)
	at org.testng.SuiteRunner.privateRun(SuiteRunner.java:291)
	at org.testng.SuiteRunner.run(SuiteRunner.java:240)
	at org.testng.SuiteRunnerWorker.runSuite(SuiteRunnerWorker.java:52)
	at org.testng.SuiteRunnerWorker.run(SuiteRunnerWorker.java:86)
	at org.testng.TestNG.runSuitesSequentially(TestNG.java:1198)
	at org.testng.TestNG.runSuitesLocally(TestNG.java:1123)
	at org.testng.TestNG.run(TestNG.java:1031)
	at org.testng.remote.AbstractRemoteTestNG.run(AbstractRemoteTestNG.java:114)
	at org.testng.remote.RemoteTestNG.initAndRun(RemoteTestNG.java:251)
	at org.testng.remote.RemoteTestNG.main(RemoteTestNG.java:77)
]]>
    </failure>
  </testcase> <!-- testSpokePrices -->
  <testcase name="testSpokePrices" time="136.845" classname="com.scripts.SampleTest"/>
  <testcase name="testSpokePrices" time="148.757" classname="com.scripts.SampleTest"/>
  <testcase name="testSpokePrices" time="140.689" classname="com.scripts.SampleTest"/>
  <testcase name="testSpokePrices" time="126.131" classname="com.scripts.SampleTest"/>
  <testcase name="testSpokePrices" time="102.754" classname="com.scripts.SampleTest"/>
  <testcase name="testSpokePrices" time="114.111" classname="com.scripts.SampleTest"/>
  <testcase name="testSpokePrices" time="137.160" classname="com.scripts.SampleTest"/>
  <testcase name="testSpokePrices" time="114.394" classname="com.scripts.SampleTest"/>
  <testcase name="testSpokePrices" time="153.053" classname="com.scripts.SampleTest"/>
  <testcase name="testSpokePrices" time="111.302" classname="com.scripts.SampleTest"/>
  <testcase name="testSpokePrices" time="101.848" classname="com.scripts.SampleTest"/>
  <testcase name="testSpokePrices" time="112.955" classname="com.scripts.SampleTest"/>
  <testcase name="testSpokePrices" time="134.771" classname="com.scripts.SampleTest"/>
  <testcase name="testSpokePrices" time="102.308" classname="com.scripts.SampleTest"/>
  <testcase name="testSpokePrices" time="131.777" classname="com.scripts.SampleTest"/>
  <testcase name="testSpokePrices" time="116.526" classname="com.scripts.SampleTest"/>
  <testcase name="testSpokePrices" time="132.625" classname="com.scripts.SampleTest"/>
  <testcase name="testSpokePrices" time="150.712" classname="com.scripts.SampleTest"/>
  <testcase name="testSpokePrices" time="134.017" classname="com.scripts.SampleTest"/>
  <testcase name="testSpokePrices" time="115.962" classname="com.scripts.SampleTest"/>
  <testcase name="testSpokePrices" time="136.292" classname="com.scripts.SampleTest"/>
  <testcase name="testSpokePrices" time="125.607" classname="com.scripts.SampleTest"/>
  <testcase name="testSpokePrices" time="139.684" classname="com.scripts.SampleTest"/>
  <testcase name="testSpokePrices" time="134.367" classname="com.scripts.SampleTest"/>
  <testcase name="testSpokePrices" time="118.261" classname="com.scripts.SampleTest"/>
  <testcase name="testSpokePrices" time="109.510" classname="com.scripts.SampleTest"/>
  <testcase name="testSpokePrices" time="114.600" classname="com.scripts.SampleTest"/>
  <testcase name="testSpokePrices" time="125.858" classname="com.scripts.SampleTest"/>
  <testcase name="testSpokePrices" time="125.258" classname="com.scripts.SampleTest"/>
  <testcase name="testSpokePrices" time="142.689" classname="com.scripts.SampleTest"/>
  <testcase name="testSpokePrices" time="121.803" classname="com.scripts.SampleTest"/>
  <testcase name="testSpokePrices" time="96.779" classname="com.scripts.SampleTest"/>
  <testcase name="testSpokePrices" time="119.882" classname="com.scripts.SampleTest"/>
  <testcase name="testSpokePrices" time="139.632" classname="com.scripts.SampleTest"/>
  <testcase name="testSpokePrices" time="106.346" classname="com.scripts.SampleTest"/>
  <testcase name="testSpokePrices" time="154.189" classname="com.scripts.SampleTest"/>
  <testcase name="testSpokePrices" time="135.722" classname="com.scripts.SampleTest"/>
  <testcase name="testSpokePrices" time="4.343" classname="com.scripts.SampleTest">
    <failure type="java.lang.NullPointerException">
      <![CDATA[java.lang.NullPointerException
	at com.scripts.SampleTest.testSpokePrices(SampleTest.java:118)
	at sun.reflect.GeneratedMethodAccessor14.invoke(Unknown Source)
	at sun.reflect.DelegatingMethodAccessorImpl.invoke(DelegatingMethodAccessorImpl.java:43)
	at java.lang.reflect.Method.invoke(Method.java:498)
	at org.testng.internal.MethodInvocationHelper.invokeMethod(MethodInvocationHelper.java:80)
	at org.testng.internal.Invoker.invokeMethod(Invoker.java:714)
	at org.testng.internal.Invoker.invokeTestMethod(Invoker.java:901)
	at org.testng.internal.Invoker.invokeTestMethods(Invoker.java:1231)
	at org.testng.internal.TestMethodWorker.invokeTestMethods(TestMethodWorker.java:127)
	at org.testng.internal.TestMethodWorker.run(TestMethodWorker.java:111)
	at org.testng.TestRunner.privateRun(TestRunner.java:767)
	at org.testng.TestRunner.run(TestRunner.java:617)
	at org.testng.SuiteRunner.runTest(SuiteRunner.java:334)
	at org.testng.SuiteRunner.runSequentially(SuiteRunner.java:329)
	at org.testng.SuiteRunner.privateRun(SuiteRunner.java:291)
	at org.testng.SuiteRunner.run(SuiteRunner.java:240)
	at org.testng.SuiteRunnerWorker.runSuite(SuiteRunnerWorker.java:52)
	at org.testng.SuiteRunnerWorker.run(SuiteRunnerWorker.java:86)
	at org.testng.TestNG.runSuitesSequentially(TestNG.java:1198)
	at org.testng.TestNG.runSuitesLocally(TestNG.java:1123)
	at org.testng.TestNG.run(TestNG.java:1031)
	at org.testng.remote.AbstractRemoteTestNG.run(AbstractRemoteTestNG.java:114)
	at org.testng.remote.RemoteTestNG.initAndRun(RemoteTestNG.java:251)
	at org.testng.remote.RemoteTestNG.main(RemoteTestNG.java:77)
]]>
    </failure>
  </testcase> <!-- testSpokePrices -->
  <testcase name="testSpokePrices" time="106.778" classname="com.scripts.SampleTest"/>
  <testcase name="testSpokePrices" time="118.725" classname="com.scripts.SampleTest"/>
  <testcase name="testSpokePrices" time="125.479" classname="com.scripts.SampleTest"/>
  <testcase name="testSpokePrices" time="140.238" classname="com.scripts.SampleTest"/>
  <testcase name="testSpokePrices" time="119.302" classname="com.scripts.SampleTest"/>
  <testcase name="testSpokePrices" time="118.787" classname="com.scripts.SampleTest"/>
  <testcase name="testSpokePrices" time="96.744" classname="com.scripts.SampleTest"/>
  <testcase name="testSpokePrices" time="123.399" classname="com.scripts.SampleTest"/>
  <testcase name="testSpokePrices" time="108.021" classname="com.scripts.SampleTest"/>
  <testcase name="testSpokePrices" time="118.151" classname="com.scripts.SampleTest"/>
  <testcase name="testSpokePrices" time="122.350" classname="com.scripts.SampleTest"/>
  <testcase name="testSpokePrices" time="116.405" classname="com.scripts.SampleTest"/>
  <testcase name="testSpokePrices" time="122.865" classname="com.scripts.SampleTest"/>
  <testcase name="testSpokePrices" time="106.990" classname="com.scripts.SampleTest"/>
  <testcase name="testSpokePrices" time="112.169" classname="com.scripts.SampleTest"/>
  <testcase name="testSpokePrices" time="118.462" classname="com.scripts.SampleTest"/>
  <testcase name="testSpokePrices" time="126.299" classname="com.scripts.SampleTest"/>
  <testcase name="testSpokePrices" time="105.759" classname="com.scripts.SampleTest"/>
  <testcase name="testSpokePrices" time="105.131" classname="com.scripts.SampleTest"/>
  <testcase name="testSpokePrices" time="119.301" classname="com.scripts.SampleTest"/>
  <testcase name="testSpokePrices" time="108.429" classname="com.scripts.SampleTest"/>
  <testcase name="testSpokePrices" time="106.505" classname="com.scripts.SampleTest"/>
  <testcase name="testSpokePrices" time="123.827" classname="com.scripts.SampleTest"/>
  <testcase name="testSpokePrices" time="107.229" classname="com.scripts.SampleTest"/>
  <testcase name="testSpokePrices" time="113.753" classname="com.scripts.SampleTest"/>
  <testcase name="testSpokePrices" time="130.123" classname="com.scripts.SampleTest"/>
  <testcase name="testSpokePrices" time="126.931" classname="com.scripts.SampleTest"/>
  <testcase name="testSpokePrices" time="119.612" classname="com.scripts.SampleTest"/>
  <testcase name="testSpokePrices" time="109.559" classname="com.scripts.SampleTest"/>
  <testcase name="testSpokePrices" time="105.973" classname="com.scripts.SampleTest"/>
  <testcase name="testSpokePrices" time="115.068" classname="com.scripts.SampleTest"/>
  <testcase name="testSpokePrices" time="113.275" classname="com.scripts.SampleTest"/>
  <testcase name="testSpokePrices" time="112.168" classname="com.scripts.SampleTest"/>
  <testcase name="testSpokePrices" time="122.418" classname="com.scripts.SampleTest"/>
  <testcase name="testSpokePrices" time="104.228" classname="com.scripts.SampleTest"/>
  <testcase name="testSpokePrices" time="110.395" classname="com.scripts.SampleTest"/>
  <testcase name="testSpokePrices" time="132.080" classname="com.scripts.SampleTest"/>
  <testcase name="testSpokePrices" time="104.245" classname="com.scripts.SampleTest"/>
  <testcase name="testSpokePrices" time="3.032" classname="com.scripts.SampleTest">
    <failure type="java.lang.NullPointerException">
      <![CDATA[java.lang.NullPointerException
	at com.scripts.SampleTest.testSpokePrices(SampleTest.java:118)
	at sun.reflect.GeneratedMethodAccessor14.invoke(Unknown Source)
	at sun.reflect.DelegatingMethodAccessorImpl.invoke(DelegatingMethodAccessorImpl.java:43)
	at java.lang.reflect.Method.invoke(Method.java:498)
	at org.testng.internal.MethodInvocationHelper.invokeMethod(MethodInvocationHelper.java:80)
	at org.testng.internal.Invoker.invokeMethod(Invoker.java:714)
	at org.testng.internal.Invoker.invokeTestMethod(Invoker.java:901)
	at org.testng.internal.Invoker.invokeTestMethods(Invoker.java:1231)
	at org.testng.internal.TestMethodWorker.invokeTestMethods(TestMethodWorker.java:127)
	at org.testng.internal.TestMethodWorker.run(TestMethodWorker.java:111)
	at org.testng.TestRunner.privateRun(TestRunner.java:767)
	at org.testng.TestRunner.run(TestRunner.java:617)
	at org.testng.SuiteRunner.runTest(SuiteRunner.java:334)
	at org.testng.SuiteRunner.runSequentially(SuiteRunner.java:329)
	at org.testng.SuiteRunner.privateRun(SuiteRunner.java:291)
	at org.testng.SuiteRunner.run(SuiteRunner.java:240)
	at org.testng.SuiteRunnerWorker.runSuite(SuiteRunnerWorker.java:52)
	at org.testng.SuiteRunnerWorker.run(SuiteRunnerWorker.java:86)
	at org.testng.TestNG.runSuitesSequentially(TestNG.java:1198)
	at org.testng.TestNG.runSuitesLocally(TestNG.java:1123)
	at org.testng.TestNG.run(TestNG.java:1031)
	at org.testng.remote.AbstractRemoteTestNG.run(AbstractRemoteTestNG.java:114)
	at org.testng.remote.RemoteTestNG.initAndRun(RemoteTestNG.java:251)
	at org.testng.remote.RemoteTestNG.main(RemoteTestNG.java:77)
]]>
    </failure>
  </testcase> <!-- testSpokePrices -->
  <testcase name="testSpokePrices" time="118.561" classname="com.scripts.SampleTest"/>
  <testcase name="testSpokePrices" time="119.038" classname="com.scripts.SampleTest"/>
  <testcase name="testSpokePrices" time="115.882" classname="com.scripts.SampleTest"/>
  <testcase name="testSpokePrices" time="114.690" classname="com.scripts.SampleTest"/>
  <testcase name="testSpokePrices" time="128.301" classname="com.scripts.SampleTest"/>
  <testcase name="testSpokePrices" time="116.850" classname="com.scripts.SampleTest"/>
  <testcase name="testSpokePrices" time="133.857" classname="com.scripts.SampleTest"/>
  <testcase name="testSpokePrices" time="121.646" classname="com.scripts.SampleTest"/>
  <testcase name="testSpokePrices" time="121.890" classname="com.scripts.SampleTest"/>
  <testcase name="testSpokePrices" time="108.063" classname="com.scripts.SampleTest"/>
  <testcase name="testSpokePrices" time="104.332" classname="com.scripts.SampleTest"/>
  <testcase name="testSpokePrices" time="100.923" classname="com.scripts.SampleTest"/>
  <testcase name="testSpokePrices" time="146.549" classname="com.scripts.SampleTest"/>
  <testcase name="testSpokePrices" time="117.219" classname="com.scripts.SampleTest"/>
  <testcase name="test_Navigate_From_C4C_To_CPQ" time="257.028" classname="com.scripts.SampleTest"/>
  <testcase name="testSpokePrices" time="130.556" classname="com.scripts.SampleTest"/>
  <testcase name="testSpokePrices" time="120.549" classname="com.scripts.SampleTest"/>
  <testcase name="testSpokePrices" time="131.747" classname="com.scripts.SampleTest"/>
  <testcase name="testSpokePrices" time="119.464" classname="com.scripts.SampleTest"/>
  <testcase name="testSpokePrices" time="111.478" classname="com.scripts.SampleTest"/>
  <testcase name="testSpokePrices" time="126.148" classname="com.scripts.SampleTest"/>
  <testcase name="testSpokePrices" time="118.696" classname="com.scripts.SampleTest"/>
  <testcase name="testSpokePrices" time="122.575" classname="com.scripts.SampleTest"/>
  <testcase name="testSpokePrices" time="120.630" classname="com.scripts.SampleTest"/>
  <testcase name="testSpokePrices" time="139.125" classname="com.scripts.SampleTest"/>
  <testcase name="testSpokePrices" time="112.131" classname="com.scripts.SampleTest"/>
  <testcase name="testSpokePrices" time="122.618" classname="com.scripts.SampleTest"/>
  <testcase name="testSpokePrices" time="113.391" classname="com.scripts.SampleTest"/>
  <testcase name="testSpokePrices" time="126.192" classname="com.scripts.SampleTest"/>
  <testcase name="testSpokePrices" time="109.820" classname="com.scripts.SampleTest"/>
  <testcase name="testSpokePrices" time="117.029" classname="com.scripts.SampleTest"/>
  <testcase name="testSpokePrices" time="114.001" classname="com.scripts.SampleTest"/>
  <testcase name="testSpokePrices" time="134.066" classname="com.scripts.SampleTest"/>
  <testcase name="testSpokePrices" time="113.741" classname="com.scripts.SampleTest"/>
  <testcase name="testSpokePrices" time="140.018" classname="com.scripts.SampleTest"/>
  <testcase name="testSpokePrices" time="101.632" classname="com.scripts.SampleTest"/>
  <testcase name="testSpokePrices" time="120.183" classname="com.scripts.SampleTest"/>
  <testcase name="testSpokePrices" time="105.265" classname="com.scripts.SampleTest"/>
  <testcase name="testSpokePrices" time="114.579" classname="com.scripts.SampleTest"/>
  <testcase name="testSpokePrices" time="100.147" classname="com.scripts.SampleTest"/>
  <testcase name="testSpokePrices" time="99.292" classname="com.scripts.SampleTest"/>
  <testcase name="testSpokePrices" time="109.892" classname="com.scripts.SampleTest"/>
</testsuite> <!-- com.scripts.SampleTest -->
